# JRE version: OpenJDK Runtime Environment (21.0.9) (build 21.0.9+-14787801-b1163.94)
# Java VM: OpenJDK 64-Bit Server VM (21.0.9+-14787801-b1163.94, mixed mode, tiered, compressed oops, compressed class ptrs, g1 gc, windows-amd64)
GC Precious Log:
 CardTable entry size: 512
 Card Set container configuration: InlinePtr #cards 4 size 8 Array Of Cards #cards 16 size 48 Howl #buckets 8 coarsen threshold 3686 Howl Bitmap #cards 512 size 80 coarsen threshold 460 Card regions per heap region 1 cards per card region 4096
 CPUs: 8 total, 8 available
 Memory: 7926M
 Large Page Support: Disabled
 NUMA Support: Disabled
 Compressed Oops: Enabled (Zero based)
 Heap Region Size: 2M
 Heap Min Capacity: 8M
 Heap Initial Capacity: 124M
 Heap Max Capacity: 3G
 Pre-touch: Disabled
 Parallel Workers: 8
 Concurrent Workers: 2
 Concurrent Refinement Workers: 8
 Periodic GC: Disabled
Heap:
 garbage-first heap   total 643072K, used 462848K [0x0000000740000000, 0x0000000800000000)
  region size 2048K, 10 young (20480K), 10 survivors (20480K)
 Metaspace       used 262720K, committed 266112K, reserved 1310720K
  class space    used 34480K, committed 36160K, reserved 1048576K
GC Heap History (20 events):
Event: 256.150 GC heap after
{Heap after GC invocations=93 (full 0):
 garbage-first heap   total 468992K, used 260428K [0x0000000740000000, 0x0000000800000000)
  region size 2048K, 5 young (10240K), 5 survivors (10240K)
 Metaspace       used 252580K, committed 255936K, reserved 1310720K
  class space    used 33245K, committed 34880K, reserved 1048576K
}
Event: 257.936 GC heap before
{Heap before GC invocations=94 (full 0):
 garbage-first heap   total 468992K, used 440652K [0x0000000740000000, 0x0000000800000000)
  region size 2048K, 93 young (190464K), 5 survivors (10240K)
 Metaspace       used 252731K, committed 256064K, reserved 1310720K
  class space    used 33250K, committed 34880K, reserved 1048576K
}
Event: 257.959 GC heap after
{Heap after GC invocations=95 (full 0):
 garbage-first heap   total 468992K, used 262512K [0x0000000740000000, 0x0000000800000000)
  region size 2048K, 6 young (12288K), 6 survivors (12288K)
 Metaspace       used 252731K, committed 256064K, reserved 1310720K
  class space    used 33250K, committed 34880K, reserved 1048576K
}
Event: 259.217 GC heap before
{Heap before GC invocations=95 (full 0):
 garbage-first heap   total 468992K, used 440688K [0x0000000740000000, 0x0000000800000000)
  region size 2048K, 95 young (194560K), 6 survivors (12288K)
 Metaspace       used 252744K, committed 256064K, reserved 1310720K
  class space    used 33250K, committed 34880K, reserved 1048576K
}
Event: 259.235 GC heap after
{Heap after GC invocations=96 (full 0):
 garbage-first heap   total 468992K, used 261526K [0x0000000740000000, 0x0000000800000000)
  region size 2048K, 6 young (12288K), 6 survivors (12288K)
 Metaspace       used 252744K, committed 256064K, reserved 1310720K
  class space    used 33250K, committed 34880K, reserved 1048576K
}
Event: 262.067 GC heap before
{Heap before GC invocations=96 (full 0):
 garbage-first heap   total 468992K, used 441750K [0x0000000740000000, 0x0000000800000000)
  region size 2048K, 95 young (194560K), 6 survivors (12288K)
 Metaspace       used 254599K, committed 258048K, reserved 1310720K
  class space    used 33478K, committed 35200K, reserved 1048576K
}
Event: 262.099 GC heap after
{Heap after GC invocations=97 (full 0):
 garbage-first heap   total 468992K, used 261296K [0x0000000740000000, 0x0000000800000000)
  region size 2048K, 8 young (16384K), 8 survivors (16384K)
 Metaspace       used 254599K, committed 258048K, reserved 1310720K
  class space    used 33478K, committed 35200K, reserved 1048576K
}
Event: 263.472 GC heap before
{Heap before GC invocations=97 (full 0):
 garbage-first heap   total 468992K, used 439472K [0x0000000740000000, 0x0000000800000000)
  region size 2048K, 96 young (196608K), 8 survivors (16384K)
 Metaspace       used 256952K, committed 260352K, reserved 1310720K
  class space    used 33749K, committed 35456K, reserved 1048576K
}
Event: 263.517 GC heap after
{Heap after GC invocations=98 (full 0):
 garbage-first heap   total 495616K, used 298324K [0x0000000740000000, 0x0000000800000000)
  region size 2048K, 12 young (24576K), 12 survivors (24576K)
 Metaspace       used 256952K, committed 260352K, reserved 1310720K
  class space    used 33749K, committed 35456K, reserved 1048576K
}
Event: 264.775 GC heap before
{Heap before GC invocations=99 (full 0):
 garbage-first heap   total 499712K, used 445780K [0x0000000740000000, 0x0000000800000000)
  region size 2048K, 85 young (174080K), 12 survivors (24576K)
 Metaspace       used 258162K, committed 261568K, reserved 1310720K
  class space    used 33911K, committed 35584K, reserved 1048576K
}
Event: 264.836 GC heap after
{Heap after GC invocations=100 (full 0):
 garbage-first heap   total 505856K, used 331680K [0x0000000740000000, 0x0000000800000000)
  region size 2048K, 11 young (22528K), 11 survivors (22528K)
 Metaspace       used 258162K, committed 261568K, reserved 1310720K
  class space    used 33911K, committed 35584K, reserved 1048576K
}
Event: 265.838 GC heap before
{Heap before GC invocations=100 (full 0):
 garbage-first heap   total 505856K, used 454560K [0x0000000740000000, 0x0000000800000000)
  region size 2048K, 72 young (147456K), 11 survivors (22528K)
 Metaspace       used 259200K, committed 262592K, reserved 1310720K
  class space    used 34032K, committed 35712K, reserved 1048576K
}
Event: 265.904 GC heap after
{Heap after GC invocations=101 (full 0):
 garbage-first heap   total 516096K, used 355728K [0x0000000740000000, 0x0000000800000000)
  region size 2048K, 9 young (18432K), 9 survivors (18432K)
 Metaspace       used 259200K, committed 262592K, reserved 1310720K
  class space    used 34032K, committed 35712K, reserved 1048576K
}
Event: 266.357 GC heap before
{Heap before GC invocations=101 (full 0):
 garbage-first heap   total 516096K, used 464272K [0x0000000740000000, 0x0000000800000000)
  region size 2048K, 62 young (126976K), 9 survivors (18432K)
 Metaspace       used 259454K, committed 262848K, reserved 1310720K
  class space    used 34067K, committed 35776K, reserved 1048576K
}
Event: 266.408 GC heap after
{Heap after GC invocations=102 (full 0):
 garbage-first heap   total 516096K, used 385024K [0x0000000740000000, 0x0000000800000000)
  region size 2048K, 8 young (16384K), 8 survivors (16384K)
 Metaspace       used 259454K, committed 262848K, reserved 1310720K
  class space    used 34067K, committed 35776K, reserved 1048576K
}
Event: 268.234 GC heap before
{Heap before GC invocations=103 (full 0):
 garbage-first heap   total 643072K, used 471040K [0x0000000740000000, 0x0000000800000000)
  region size 2048K, 50 young (102400K), 8 survivors (16384K)
 Metaspace       used 259643K, committed 263040K, reserved 1310720K
  class space    used 34102K, committed 35776K, reserved 1048576K
}
Event: 268.269 GC heap after
{Heap after GC invocations=104 (full 0):
 garbage-first heap   total 643072K, used 408290K [0x0000000740000000, 0x0000000800000000)
  region size 2048K, 7 young (14336K), 7 survivors (14336K)
 Metaspace       used 259643K, committed 263040K, reserved 1310720K
  class space    used 34102K, committed 35776K, reserved 1048576K
}
Event: 269.419 GC heap before
{Heap before GC invocations=104 (full 0):
 garbage-first heap   total 643072K, used 565986K [0x0000000740000000, 0x0000000800000000)
  region size 2048K, 82 young (167936K), 7 survivors (14336K)
 Metaspace       used 261209K, committed 264576K, reserved 1310720K
  class space    used 34294K, committed 35968K, reserved 1048576K
}
Event: 269.469 GC heap after
{Heap after GC invocations=105 (full 0):
 garbage-first heap   total 643072K, used 432727K [0x0000000740000000, 0x0000000800000000)
  region size 2048K, 11 young (22528K), 11 survivors (22528K)
 Metaspace       used 261209K, committed 264576K, reserved 1310720K
  class space    used 34294K, committed 35968K, reserved 1048576K
}
Event: 270.264 GC heap before
{Heap before GC invocations=105 (full 0):
 garbage-first heap   total 643072K, used 567895K [0x0000000740000000, 0x0000000800000000)
  region size 2048K, 78 young (159744K), 11 survivors (22528K)
 Metaspace       used 262720K, committed 266112K, reserved 1310720K
  class space    used 34480K, committed 36160K, reserved 1048576K
}

